# JRE version: OpenJDK Runtime Environment (11.0.10) (build 11.0.10+0-b96-7249189)
# Java VM: OpenJDK 64-Bit Server VM (11.0.10+0-b96-7249189, mixed mode, tiered, compressed oops, g1 gc, windows-amd64)
Heap:
 garbage-first heap   total 201728K, used 119724K [0x0000000080000000, 0x0000000100000000)
  region size 1024K, 42 young (43008K), 2 survivors (2048K)
 Metaspace       used 89401K, capacity 91550K, committed 91724K, reserved 1128448K
  class space    used 11447K, capacity 12231K, committed 12364K, reserved 1048576K
GC Heap History (20 events):
Event: 8.463 GC heap before
{Heap before GC invocations=12 (full 0):
 garbage-first heap   total 115712K, used 77606K [0x0000000080000000, 0x0000000100000000)
  region size 1024K, 51 young (52224K), 3 survivors (3072K)
 Metaspace       used 46550K, capacity 47727K, committed 47948K, reserved 1091584K
  class space    used 5964K, capacity 6407K, committed 6476K, reserved 1048576K
}
Event: 8.472 GC heap after
{Heap after GC invocations=13 (full 0):
 garbage-first heap   total 139264K, used 29932K [0x0000000080000000, 0x0000000100000000)
  region size 1024K, 4 young (4096K), 4 survivors (4096K)
 Metaspace       used 46550K, capacity 47727K, committed 47948K, reserved 1091584K
  class space    used 5964K, capacity 6407K, committed 6476K, reserved 1048576K
}
Event: 9.897 GC heap before
{Heap before GC invocations=13 (full 0):
 garbage-first heap   total 139264K, used 93420K [0x0000000080000000, 0x0000000100000000)
  region size 1024K, 63 young (64512K), 4 survivors (4096K)
 Metaspace       used 51609K, capacity 53017K, committed 53196K, reserved 1095680K
  class space    used 6562K, capacity 7066K, committed 7116K, reserved 1048576K
}
Event: 9.911 GC heap after
{Heap after GC invocations=14 (full 0):
 garbage-first heap   total 139264K, used 41332K [0x0000000080000000, 0x0000000100000000)
  region size 1024K, 8 young (8192K), 8 survivors (8192K)
 Metaspace       used 51609K, capacity 53017K, committed 53196K, reserved 1095680K
  class space    used 6562K, capacity 7066K, committed 7116K, reserved 1048576K
}
Event: 10.917 GC heap before
{Heap before GC invocations=14 (full 0):
 garbage-first heap   total 139264K, used 84340K [0x0000000080000000, 0x0000000100000000)
  region size 1024K, 51 young (52224K), 8 survivors (8192K)
 Metaspace       used 58765K, capacity 60175K, committed 60236K, reserved 1101824K
  class space    used 7406K, capacity 7955K, committed 8012K, reserved 1048576K
}
Event: 10.938 GC heap after
{Heap after GC invocations=15 (full 0):
 garbage-first heap   total 139264K, used 43696K [0x0000000080000000, 0x0000000100000000)
  region size 1024K, 2 young (2048K), 2 survivors (2048K)
 Metaspace       used 58765K, capacity 60175K, committed 60236K, reserved 1101824K
  class space    used 7406K, capacity 7955K, committed 8012K, reserved 1048576K
}
Event: 11.933 GC heap before
{Heap before GC invocations=16 (full 0):
 garbage-first heap   total 139264K, used 96944K [0x0000000080000000, 0x0000000100000000)
  region size 1024K, 54 young (55296K), 2 survivors (2048K)
 Metaspace       used 63942K, capacity 65477K, committed 65740K, reserved 1105920K
  class space    used 8047K, capacity 8601K, committed 8652K, reserved 1048576K
}
Event: 11.946 GC heap after
{Heap after GC invocations=17 (full 0):
 garbage-first heap   total 139264K, used 48579K [0x0000000080000000, 0x0000000100000000)
  region size 1024K, 7 young (7168K), 7 survivors (7168K)
 Metaspace       used 63942K, capacity 65477K, committed 65740K, reserved 1105920K
  class space    used 8047K, capacity 8601K, committed 8652K, reserved 1048576K
}
Event: 12.858 GC heap before
{Heap before GC invocations=18 (full 0):
 garbage-first heap   total 139264K, used 100803K [0x0000000080000000, 0x0000000100000000)
  region size 1024K, 58 young (59392K), 7 survivors (7168K)
 Metaspace       used 67923K, capacity 69509K, committed 69836K, reserved 1110016K
  class space    used 8714K, capacity 9282K, committed 9420K, reserved 1048576K
}
Event: 12.873 GC heap after
{Heap after GC invocations=19 (full 0):
 garbage-first heap   total 167936K, used 52113K [0x0000000080000000, 0x0000000100000000)
  region size 1024K, 5 young (5120K), 5 survivors (5120K)
 Metaspace       used 67923K, capacity 69509K, committed 69836K, reserved 1110016K
  class space    used 8714K, capacity 9282K, committed 9420K, reserved 1048576K
}
Event: 14.376 GC heap before
{Heap before GC invocations=19 (full 0):
 garbage-first heap   total 167936K, used 113553K [0x0000000080000000, 0x0000000100000000)
  region size 1024K, 65 young (66560K), 5 survivors (5120K)
 Metaspace       used 75270K, capacity 76956K, committed 77260K, reserved 1116160K
  class space    used 9748K, capacity 10376K, committed 10444K, reserved 1048576K
}
Event: 14.389 GC heap after
{Heap after GC invocations=20 (full 0):
 garbage-first heap   total 167936K, used 55561K [0x0000000080000000, 0x0000000100000000)
  region size 1024K, 8 young (8192K), 8 survivors (8192K)
 Metaspace       used 75270K, capacity 76956K, committed 77260K, reserved 1116160K
  class space    used 9748K, capacity 10376K, committed 10444K, reserved 1048576K
}
Event: 15.826 GC heap before
{Heap before GC invocations=20 (full 0):
 garbage-first heap   total 167936K, used 120073K [0x0000000080000000, 0x0000000100000000)
  region size 1024K, 71 young (72704K), 8 survivors (8192K)
 Metaspace       used 80761K, capacity 82713K, committed 82892K, reserved 1120256K
  class space    used 10442K, capacity 11153K, committed 11212K, reserved 1048576K
}
Event: 15.847 GC heap after
{Heap after GC invocations=21 (full 0):
 garbage-first heap   total 167936K, used 61440K [0x0000000080000000, 0x0000000100000000)
  region size 1024K, 9 young (9216K), 9 survivors (9216K)
 Metaspace       used 80761K, capacity 82713K, committed 82892K, reserved 1120256K
  class space    used 10442K, capacity 11153K, committed 11212K, reserved 1048576K
}
Event: 16.938 GC heap before
{Heap before GC invocations=21 (full 0):
 garbage-first heap   total 167936K, used 124928K [0x0000000080000000, 0x0000000100000000)
  region size 1024K, 70 young (71680K), 9 survivors (9216K)
 Metaspace       used 82469K, capacity 84540K, committed 84684K, reserved 1122304K
  class space    used 10647K, capacity 11414K, committed 11468K, reserved 1048576K
}
Event: 16.973 GC heap after
{Heap after GC invocations=22 (full 0):
 garbage-first heap   total 167936K, used 75288K [0x0000000080000000, 0x0000000100000000)
  region size 1024K, 9 young (9216K), 9 survivors (9216K)
 Metaspace       used 82469K, capacity 84540K, committed 84684K, reserved 1122304K
  class space    used 10647K, capacity 11414K, committed 11468K, reserved 1048576K
}
Event: 17.503 GC heap before
{Heap before GC invocations=22 (full 0):
 garbage-first heap   total 167936K, used 126488K [0x0000000080000000, 0x0000000100000000)
  region size 1024K, 52 young (53248K), 9 survivors (9216K)
 Metaspace       used 82908K, capacity 84964K, committed 85196K, reserved 1122304K
  class space    used 10682K, capacity 11448K, committed 11468K, reserved 1048576K
}
Event: 17.531 GC heap after
{Heap after GC invocations=23 (full 0):
 garbage-first heap   total 167936K, used 87430K [0x0000000080000000, 0x0000000100000000)
  region size 1024K, 7 young (7168K), 7 survivors (7168K)
 Metaspace       used 82908K, capacity 84964K, committed 85196K, reserved 1122304K
  class space    used 10682K, capacity 11448K, committed 11468K, reserved 1048576K
}
Event: 18.499 GC heap before
{Heap before GC invocations=24 (full 0):
 garbage-first heap   total 167936K, used 134534K [0x0000000080000000, 0x0000000100000000)
  region size 1024K, 48 young (49152K), 7 survivors (7168K)
 Metaspace       used 86731K, capacity 88788K, committed 89036K, reserved 1126400K
  class space    used 11121K, capacity 11873K, committed 11980K, reserved 1048576K
}
Event: 18.515 GC heap after
{Heap after GC invocations=25 (full 0):
 garbage-first heap   total 201728K, used 80812K [0x0000000080000000, 0x0000000100000000)
  region size 1024K, 2 young (2048K), 2 survivors (2048K)
 Metaspace       used 86731K, capacity 88788K, committed 89036K, reserved 1126400K
  class space    used 11121K, capacity 11873K, committed 11980K, reserved 1048576K
}

